<?xml version="1.0" encoding="UTF-8"?>
<project xmlns="http://maven.apache.org/POM/4.0.0" xmlns:xsi="http://www.w3.org/2001/XMLSchema-instance"
    xsi:schemaLocation="http://maven.apache.org/POM/4.0.0 http://maven.apache.org/maven-v4_0_0.xsd">

    <parent>
        <groupId>org.jboss.shrinkwrap.test</groupId>
        <artifactId>test-parent</artifactId>
        <version>1.0.0</version>
        <relativePath>test-parent.xml</relativePath>
    </parent>

    <!-- Model Version -->
    <modelVersion>4.0.0</modelVersion>

    <!-- Artifact Configuration -->
    <groupId>org.jboss.shrinkwrap.test</groupId>
    <artifactId>test-child</artifactId>
    <packaging>jar</packaging>

    <dependencies>
        <dependency>
            <groupId>org.jboss.shrinkwrap.test</groupId>
            <artifactId>test-managed-dependency</artifactId>
        </dependency>
    </dependencies>

    <build>
    </build>

</project>
