<?xml version="1.0" encoding="UTF-8"?>
<project xmlns="http://maven.apache.org/POM/4.0.0" xmlns:xsi="http://www.w3.org/2001/XMLSchema-instance"
    xsi:schemaLocation="http://maven.apache.org/POM/4.0.0 http://maven.apache.org/maven-v4_0_0.xsd">

    <!-- Model Version -->
    <modelVersion>4.0.0</modelVersion>

    <!-- Artifact Configuration -->
    <groupId>org.jboss.shrinkwrap.test</groupId>
    <artifactId>test-dependency-scopes</artifactId>
    <version>1.0.0</version>
    <packaging>jar</packaging>

    <build>
    </build>

    <dependencyManagement>
        <dependencies>
            <!-- this bom handles versions for deps-a and deps-b -->
            <dependency>
                <groupId>org.jboss.shrinkwrap.test</groupId>
                <artifactId>test-bom</artifactId>
                <version>1.0.0</version>
                <scope>import</scope>
                <type>pom</type>
            </dependency>
        </dependencies>
    </dependencyManagement>


    <!-- SHRINKRES-112 -->
    <dependencies>
        <dependency>
            <groupId>org.jboss.shrinkwrap.test</groupId>
            <artifactId>test-managed-dependency</artifactId>
            <version>1.0.0</version>
            <scope>test</scope>
        </dependency>
        <dependency>
            <groupId>org.jboss.shrinkwrap.test</groupId>
            <artifactId>test-deps-a</artifactId>
        </dependency>
        <dependency>
            <groupId>org.jboss.shrinkwrap.test</groupId>
            <artifactId>test-deps-b</artifactId>
            <scope>test</scope>
        </dependency>
        <dependency>
            <groupId>org.jboss.shrinkwrap.test</groupId>
            <artifactId>test-deps-d</artifactId>
            <version>1.0.0</version>
            <scope>provided</scope>
        </dependency>
        <dependency>
            <groupId>org.jboss.shrinkwrap.test</groupId>
            <artifactId>test-deps-e</artifactId>
            <version>1.0.0</version>
            <scope>provided</scope>
        </dependency>
        <dependency>
            <groupId>org.jboss.shrinkwrap.test</groupId>
            <artifactId>test-deps-g</artifactId>
            <version>1.0.0</version>
            <scope>runtime</scope>
        </dependency>
        <dependency>
            <groupId>org.jboss.shrinkwrap.test</groupId>
            <artifactId>test-deps-i</artifactId>
            <version>1.0.0</version>
            <scope>compile</scope>
        </dependency>
        <dependency>
            <groupId>org.jboss.shrinkwrap.test</groupId>
            <artifactId>test-depchain</artifactId>
            <version>1.0.0</version>
            <type>pom</type>
            <scope>test</scope>
        </dependency>
    </dependencies>

</project>
