<?xml version="1.0" encoding="UTF-8"?>
<project xmlns="http://maven.apache.org/POM/4.0.0" xmlns:xsi="http://www.w3.org/2001/XMLSchema-instance"
    xsi:schemaLocation="http://maven.apache.org/POM/4.0.0 http://maven.apache.org/maven-v4_0_0.xsd">

    <!-- Model Version -->
    <modelVersion>4.0.0</modelVersion>

    <!-- Artifact Configuration -->
    <groupId>org.jboss.shrinkwrap.test</groupId>
    <artifactId>test-tests-classifier</artifactId>
    <packaging>pom</packaging>
    <version>1.0.0</version>

    <dependencies>
        <dependency>
            <groupId>org.jboss.shrinkwrap.test</groupId>
            <artifactId>test-dependency-with-test-jar</artifactId>
            <version>1.0.0</version>
            <type>test-jar</type>
            <classifier>tests</classifier>
        </dependency>
    </dependencies>

    <build>
    </build>

</project>
